Flow report for project
<<<<<<< HEAD
Wed Mar 11 08:27:46 2020
=======
Fri Mar 06 12:39:33 2020
>>>>>>> bba7022f0ee495446106cd8eb11d54f161bf534a
Quartus Prime Version 18.1.0 Build 625 09/12/2018 SJ Lite Edition


---------------------
; Table of Contents ;
---------------------
  1. Legal Notice
  2. Flow Summary
  3. Flow Settings
  4. Flow Non-Default Global Settings
  5. Flow Elapsed Time
  6. Flow OS Summary
  7. Flow Log
  8. Flow Messages
  9. Flow Suppressed Messages



----------------
; Legal Notice ;
----------------
Copyright (C) 2018  Intel Corporation. All rights reserved.
Your use of Intel Corporation's design tools, logic functions 
and other software and tools, and its AMPP partner logic 
functions, and any output files from any of the foregoing 
(including device programming or simulation files), and any 
associated documentation or information are expressly subject 
to the terms and conditions of the Intel Program License 
Subscription Agreement, the Intel Quartus Prime License Agreement,
the Intel FPGA IP License Agreement, or other applicable license
agreement, including, without limitation, that your use is for
the sole purpose of programming logic devices manufactured by
Intel and sold by Intel or its authorized distributors.  Please
refer to the applicable agreement for further details.



+----------------------------------------------------------------------------------+
; Flow Summary                                                                     ;
+------------------------------------+---------------------------------------------+
<<<<<<< HEAD
; Flow Status                        ; Successful - Wed Mar 11 08:27:42 2020       ;
=======
; Flow Status                        ; Flow Failed - Fri Mar 06 12:39:33 2020      ;
>>>>>>> bba7022f0ee495446106cd8eb11d54f161bf534a
; Quartus Prime Version              ; 18.1.0 Build 625 09/12/2018 SJ Lite Edition ;
; Revision Name                      ; project                                     ;
; Top-level Entity Name              ; project                                     ;
; Family                             ; Cyclone 10 LP                               ;
; Device                             ; 10CL025YU256I7G                             ;
; Timing Models                      ; Final                                       ;
<<<<<<< HEAD
; Total logic elements               ; 847 / 24,624 ( 3 % )                        ;
;     Total combinational functions  ; 642 / 24,624 ( 3 % )                        ;
;     Dedicated logic registers      ; 601 / 24,624 ( 2 % )                        ;
; Total registers                    ; 601                                         ;
=======
; Total logic elements               ; 889 / 24,624 ( 4 % )                        ;
;     Total combinational functions  ; 640 / 24,624 ( 3 % )                        ;
;     Dedicated logic registers      ; 608 / 24,624 ( 2 % )                        ;
; Total registers                    ; 608                                         ;
>>>>>>> bba7022f0ee495446106cd8eb11d54f161bf534a
; Total pins                         ; 14 / 151 ( 9 % )                            ;
; Total virtual pins                 ; 0                                           ;
; Total memory bits                  ; 896 / 608,256 ( < 1 % )                     ;
; Embedded Multiplier 9-bit elements ; 0 / 132 ( 0 % )                             ;
; Total PLLs                         ; 0 / 4 ( 0 % )                               ;
+------------------------------------+---------------------------------------------+


+-----------------------------------------+
; Flow Settings                           ;
+-------------------+---------------------+
; Option            ; Setting             ;
+-------------------+---------------------+
<<<<<<< HEAD
; Start date & time ; 03/11/2020 08:26:57 ;
=======
; Start date & time ; 03/06/2020 12:38:15 ;
>>>>>>> bba7022f0ee495446106cd8eb11d54f161bf534a
; Main task         ; Compilation         ;
; Revision Name     ; project             ;
+-------------------+---------------------+


+-------------------------------------------------------------------------------------------------------------------------+
; Flow Non-Default Global Settings                                                                                        ;
+-------------------------------------+----------------------------------------+---------------+-------------+------------+
; Assignment Name                     ; Value                                  ; Default Value ; Entity Name ; Section Id ;
+-------------------------------------+----------------------------------------+---------------+-------------+------------+
<<<<<<< HEAD
; COMPILER_SIGNATURE_ID               ; 247207020670968.158393681606856        ; --            ; --          ; --         ;
=======
; COMPILER_SIGNATURE_ID               ; 190090216380172.158352349407860        ; --            ; --          ; --         ;
>>>>>>> bba7022f0ee495446106cd8eb11d54f161bf534a
; MAX_CORE_JUNCTION_TEMP              ; 100                                    ; --            ; --          ; --         ;
; MIN_CORE_JUNCTION_TEMP              ; -40                                    ; --            ; --          ; --         ;
; PARTITION_COLOR                     ; -- (Not supported for targeted family) ; --            ; --          ; Top        ;
; PARTITION_FITTER_PRESERVATION_LEVEL ; -- (Not supported for targeted family) ; --            ; --          ; Top        ;
; PARTITION_NETLIST_TYPE              ; -- (Not supported for targeted family) ; --            ; --          ; Top        ;
<<<<<<< HEAD
; POWER_BOARD_THERMAL_MODEL           ; None (CONSERVATIVE)                    ; --            ; --          ; --         ;
; POWER_PRESET_COOLING_SOLUTION       ; 23 MM HEAT SINK WITH 200 LFPM AIRFLOW  ; --            ; --          ; --         ;
=======
>>>>>>> bba7022f0ee495446106cd8eb11d54f161bf534a
+-------------------------------------+----------------------------------------+---------------+-------------+------------+


+--------------------------------------------------------------------------------------------------------------------------+
; Flow Elapsed Time                                                                                                        ;
+----------------------+--------------+-------------------------+---------------------+------------------------------------+
; Module Name          ; Elapsed Time ; Average Processors Used ; Peak Virtual Memory ; Total CPU Time (on all processors) ;
+----------------------+--------------+-------------------------+---------------------+------------------------------------+
<<<<<<< HEAD
; Analysis & Synthesis ; 00:00:32     ; 1.0                     ; 4878 MB             ; 00:00:46                           ;
; Fitter               ; 00:00:09     ; 1.2                     ; 6136 MB             ; 00:00:10                           ;
; Assembler            ; 00:00:02     ; 1.0                     ; 4683 MB             ; 00:00:02                           ;
; Timing Analyzer      ; 00:00:03     ; 1.3                     ; 4880 MB             ; 00:00:02                           ;
; Total                ; 00:00:46     ; --                      ; --                  ; 00:01:00                           ;
=======
; Analysis & Synthesis ; 00:01:12     ; 1.0                     ; 4829 MB             ; 00:01:40                           ;
; Fitter               ; 00:00:05     ; 1.0                     ; 4907 MB             ; 00:00:05                           ;
; Total                ; 00:01:17     ; --                      ; --                  ; 00:01:45                           ;
>>>>>>> bba7022f0ee495446106cd8eb11d54f161bf534a
+----------------------+--------------+-------------------------+---------------------+------------------------------------+


+------------------------------------------------------------------------------------+
; Flow OS Summary                                                                    ;
+----------------------+------------------+------------+------------+----------------+
; Module Name          ; Machine Hostname ; OS Name    ; OS Version ; Processor type ;
+----------------------+------------------+------------+------------+----------------+
<<<<<<< HEAD
; Analysis & Synthesis ; Boojarvis        ; Windows 10 ; 10.0       ; x86_64         ;
; Fitter               ; Boojarvis        ; Windows 10 ; 10.0       ; x86_64         ;
; Assembler            ; Boojarvis        ; Windows 10 ; 10.0       ; x86_64         ;
; Timing Analyzer      ; Boojarvis        ; Windows 10 ; 10.0       ; x86_64         ;
=======
; Analysis & Synthesis ; LAPTOP-BJMGO8AC  ; Windows 10 ; 10.0       ; x86_64         ;
; Fitter               ; LAPTOP-BJMGO8AC  ; Windows 10 ; 10.0       ; x86_64         ;
>>>>>>> bba7022f0ee495446106cd8eb11d54f161bf534a
+----------------------+------------------+------------+------------+----------------+


------------
; Flow Log ;
------------
quartus_map --read_settings_files=on --write_settings_files=off project -c project
quartus_fit --read_settings_files=off --write_settings_files=off project -c project
<<<<<<< HEAD
quartus_asm --read_settings_files=off --write_settings_files=off project -c project
quartus_sta project -c project
=======
>>>>>>> bba7022f0ee495446106cd8eb11d54f161bf534a



