Flow report for top
Tue Mar 31 08:21:50 2020
Quartus Prime Version 18.1.0 Build 625 09/12/2018 SJ Lite Edition


---------------------
; Table of Contents ;
---------------------
  1. Legal Notice
  2. Flow Summary
  3. Flow Settings
  4. Flow Non-Default Global Settings
  5. Flow Elapsed Time
  6. Flow OS Summary
  7. Flow Log
  8. Flow Messages
  9. Flow Suppressed Messages



----------------
; Legal Notice ;
----------------
Copyright (C) 2018  Intel Corporation. All rights reserved.
Your use of Intel Corporation's design tools, logic functions 
and other software and tools, and its AMPP partner logic 
functions, and any output files from any of the foregoing 
(including device programming or simulation files), and any 
associated documentation or information are expressly subject 
to the terms and conditions of the Intel Program License 
Subscription Agreement, the Intel Quartus Prime License Agreement,
the Intel FPGA IP License Agreement, or other applicable license
agreement, including, without limitation, that your use is for
the sole purpose of programming logic devices manufactured by
Intel and sold by Intel or its authorized distributors.  Please
refer to the applicable agreement for further details.



+----------------------------------------------------------------------------------+
; Flow Summary                                                                     ;
+------------------------------------+---------------------------------------------+
; Flow Status                        ; Successful - Tue Mar 31 08:21:50 2020       ;
; Quartus Prime Version              ; 18.1.0 Build 625 09/12/2018 SJ Lite Edition ;
; Revision Name                      ; top                                         ;
; Top-level Entity Name              ; hello_world                                 ;
; Family                             ; Cyclone 10 LP                               ;
; Device                             ; 10CL025YU256I7G                             ;
; Timing Models                      ; Final                                       ;
; Total logic elements               ; 2,607 / 24,624 ( 11 % )                     ;
;     Total combinational functions  ; 2,359 / 24,624 ( 10 % )                     ;
;     Dedicated logic registers      ; 1,530 / 24,624 ( 6 % )                      ;
; Total registers                    ; 1530                                        ;
; Total pins                         ; 19 / 151 ( 13 % )                           ;
; Total virtual pins                 ; 0                                           ;
; Total memory bits                  ; 164,864 / 608,256 ( 27 % )                  ;
; Embedded Multiplier 9-bit elements ; 0 / 132 ( 0 % )                             ;
; Total PLLs                         ; 0 / 4 ( 0 % )                               ;
+------------------------------------+---------------------------------------------+


+-----------------------------------------+
; Flow Settings                           ;
+-------------------+---------------------+
; Option            ; Setting             ;
+-------------------+---------------------+
; Start date & time ; 03/31/2020 08:20:20 ;
; Main task         ; Compilation         ;
; Revision Name     ; top                 ;
+-------------------+---------------------+


+---------------------------------------------------------------------------------------------------------------------------------------------------+
; Flow Non-Default Global Settings                                                                                                                  ;
+-------------------------------------+--------------------------------------------------------------+---------------+-------------+----------------+
; Assignment Name                     ; Value                                                        ; Default Value ; Entity Name ; Section Id     ;
+-------------------------------------+--------------------------------------------------------------+---------------+-------------+----------------+
; COMPILER_SIGNATURE_ID               ; 247207020670968.158566442023356                              ; --            ; --          ; --             ;
; EDA_ENABLE_GLITCH_FILTERING         ; On                                                           ; --            ; --          ; eda_simulation ;
; EDA_GENERATE_FUNCTIONAL_NETLIST     ; On                                                           ; --            ; --          ; eda_simulation ;
; EDA_MAP_ILLEGAL_CHARACTERS          ; On                                                           ; --            ; --          ; eda_simulation ;
; EDA_OUTPUT_DATA_FORMAT              ; Verilog Hdl                                                  ; --            ; --          ; eda_simulation ;
; EDA_SIMULATION_TOOL                 ; ModelSim-Altera (Verilog)                                    ; <None>        ; --          ; --             ;
; EDA_TIME_SCALE                      ; 1 ps                                                         ; --            ; --          ; eda_simulation ;
; MAX_CORE_JUNCTION_TEMP              ; 85                                                           ; --            ; --          ; --             ;
; MIN_CORE_JUNCTION_TEMP              ; 0                                                            ; --            ; --          ; --             ;
; MISC_FILE                           ; nios_setup/synthesis/../nios_setup.cmp                       ; --            ; --          ; --             ;
; MISC_FILE                           ; nios_setup/synthesis/../../nios_setup.qsys                   ; --            ; --          ; --             ;
; PARTITION_COLOR                     ; -- (Not supported for targeted family)                       ; --            ; hello_world ; Top            ;
; PARTITION_FITTER_PRESERVATION_LEVEL ; -- (Not supported for targeted family)                       ; --            ; hello_world ; Top            ;
; PARTITION_NETLIST_TYPE              ; -- (Not supported for targeted family)                       ; --            ; hello_world ; Top            ;
; POWER_BOARD_THERMAL_MODEL           ; None (CONSERVATIVE)                                          ; --            ; --          ; --             ;
; POWER_PRESET_COOLING_SOLUTION       ; 23 MM HEAT SINK WITH 200 LFPM AIRFLOW                        ; --            ; --          ; --             ;
; PROJECT_OUTPUT_DIRECTORY            ; output_files                                                 ; --            ; --          ; --             ;
; SLD_FILE                            ; nios_setup/synthesis/nios_setup.regmap                       ; --            ; --          ; --             ;
; SLD_FILE                            ; nios_setup/synthesis/nios_setup.debuginfo                    ; --            ; --          ; --             ;
; SLD_INFO                            ; QSYS_NAME nios_setup HAS_SOPCINFO 1 GENERATION_ID 1585522454 ; --            ; nios_setup  ; --             ;
; SOPCINFO_FILE                       ; nios_setup/synthesis/../../nios_setup.sopcinfo               ; --            ; --          ; --             ;
; SYNTHESIS_ONLY_QIP                  ; On                                                           ; --            ; --          ; --             ;
; TOP_LEVEL_ENTITY                    ; hello_world                                                  ; top           ; --          ; --             ;
+-------------------------------------+--------------------------------------------------------------+---------------+-------------+----------------+


+--------------------------------------------------------------------------------------------------------------------------+
; Flow Elapsed Time                                                                                                        ;
+----------------------+--------------+-------------------------+---------------------+------------------------------------+
; Module Name          ; Elapsed Time ; Average Processors Used ; Peak Virtual Memory ; Total CPU Time (on all processors) ;
+----------------------+--------------+-------------------------+---------------------+------------------------------------+
; Analysis & Synthesis ; 00:00:58     ; 1.0                     ; 4975 MB             ; 00:01:31                           ;
; Fitter               ; 00:00:13     ; 1.4                     ; 6186 MB             ; 00:00:20                           ;
; Assembler            ; 00:00:02     ; 1.0                     ; 4695 MB             ; 00:00:02                           ;
; Timing Analyzer      ; 00:00:04     ; 1.5                     ; 4910 MB             ; 00:00:04                           ;
; EDA Netlist Writer   ; 00:00:04     ; 1.0                     ; 4658 MB             ; 00:00:03                           ;
; Total                ; 00:01:21     ; --                      ; --                  ; 00:02:00                           ;
+----------------------+--------------+-------------------------+---------------------+------------------------------------+


+------------------------------------------------------------------------------------+
; Flow OS Summary                                                                    ;
+----------------------+------------------+------------+------------+----------------+
; Module Name          ; Machine Hostname ; OS Name    ; OS Version ; Processor type ;
+----------------------+------------------+------------+------------+----------------+
; Analysis & Synthesis ; Boojarvis        ; Windows 10 ; 10.0       ; x86_64         ;
; Fitter               ; Boojarvis        ; Windows 10 ; 10.0       ; x86_64         ;
; Assembler            ; Boojarvis        ; Windows 10 ; 10.0       ; x86_64         ;
; Timing Analyzer      ; Boojarvis        ; Windows 10 ; 10.0       ; x86_64         ;
; EDA Netlist Writer   ; Boojarvis        ; Windows 10 ; 10.0       ; x86_64         ;
+----------------------+------------------+------------+------------+----------------+


------------
; Flow Log ;
------------
quartus_map --read_settings_files=on --write_settings_files=off top -c top
quartus_fit --read_settings_files=off --write_settings_files=off top -c top
quartus_asm --read_settings_files=off --write_settings_files=off top -c top
quartus_sta top -c top
quartus_eda --read_settings_files=off --write_settings_files=off top -c top



